/home/lasource/Documents/Building_Low_Latency_Applications_with_Cpp/ch06/common/socket_utils.h:113 createSocket() Mon Nov  3 15:35:21 2025 cfg:SocketCfg[ip:233.252.14.1 iface:lo port:20000 is_udp:1 is_listening_:0 needs_SO_timestamp:0]
/home/lasource/Documents/Building_Low_Latency_Applications_with_Cpp/ch06/exchange/market_data/snapshot_synthesizer.cpp:20 run() Mon Nov  3 15:35:22 2025
/home/lasource/Documents/Building_Low_Latency_Applications_with_Cpp/ch06/exchange/market_data/snapshot_synthesizer.cpp:84 publishSnapshot() Mon Nov  3 15:35:22 2025 MDPMarketUpdate [ seq:0 MEMarketUpdate [type:SNAPSHOT_START ticker:INVALID oid:0 side:INVALID price:INVALID qty:INVALID priority:INVALID]]
/home/lasource/Documents/Building_Low_Latency_Applications_with_Cpp/ch06/exchange/market_data/snapshot_synthesizer.cpp:95 publishSnapshot() Mon Nov  3 15:35:22 2025 MDPMarketUpdate [ seq:1 MEMarketUpdate [type:CLEAR ticker:0 oid:INVALID side:INVALID price:INVALID qty:INVALID priority:INVALID]]
/home/lasource/Documents/Building_Low_Latency_Applications_with_Cpp/ch06/exchange/market_data/snapshot_synthesizer.cpp:95 publishSnapshot() Mon Nov  3 15:35:22 2025 MDPMarketUpdate [ seq:2 MEMarketUpdate [type:CLEAR ticker:1 oid:INVALID side:INVALID price:INVALID qty:INVALID priority:INVALID]]
/home/lasource/Documents/Building_Low_Latency_Applications_with_Cpp/ch06/exchange/market_data/snapshot_synthesizer.cpp:95 publishSnapshot() Mon Nov  3 15:35:22 2025 MDPMarketUpdate [ seq:3 MEMarketUpdate [type:CLEAR ticker:2 oid:INVALID side:INVALID price:INVALID qty:INVALID priority:INVALID]]
/home/lasource/Documents/Building_Low_Latency_Applications_with_Cpp/ch06/exchange/market_data/snapshot_synthesizer.cpp:95 publishSnapshot() Mon Nov  3 15:35:22 2025 MDPMarketUpdate [ seq:4 MEMarketUpdate [type:CLEAR ticker:3 oid:INVALID side:INVALID price:INVALID qty:INVALID priority:INVALID]]
/home/lasource/Documents/Building_Low_Latency_Applications_with_Cpp/ch06/exchange/market_data/snapshot_synthesizer.cpp:95 publishSnapshot() Mon Nov  3 15:35:22 2025 MDPMarketUpdate [ seq:5 MEMarketUpdate [type:CLEAR ticker:4 oid:INVALID side:INVALID price:INVALID qty:INVALID priority:INVALID]]
/home/lasource/Documents/Building_Low_Latency_Applications_with_Cpp/ch06/exchange/market_data/snapshot_synthesizer.cpp:95 publishSnapshot() Mon Nov  3 15:35:22 2025 MDPMarketUpdate [ seq:6 MEMarketUpdate [type:CLEAR ticker:5 oid:INVALID side:INVALID price:INVALID qty:INVALID priority:INVALID]]
/home/lasource/Documents/Building_Low_Latency_Applications_with_Cpp/ch06/exchange/market_data/snapshot_synthesizer.cpp:95 publishSnapshot() Mon Nov  3 15:35:22 2025 MDPMarketUpdate [ seq:7 MEMarketUpdate [type:CLEAR ticker:6 oid:INVALID side:INVALID price:INVALID qty:INVALID priority:INVALID]]
/home/lasource/Documents/Building_Low_Latency_Applications_with_Cpp/ch06/exchange/market_data/snapshot_synthesizer.cpp:95 publishSnapshot() Mon Nov  3 15:35:22 2025 MDPMarketUpdate [ seq:8 MEMarketUpdate [type:CLEAR ticker:7 oid:INVALID side:INVALID price:INVALID qty:INVALID priority:INVALID]]
/home/lasource/Documents/Building_Low_Latency_Applications_with_Cpp/ch06/exchange/market_data/snapshot_synthesizer.cpp:109 publishSnapshot() Mon Nov  3 15:35:22 2025 MDPMarketUpdate [ seq:9 MEMarketUpdate [type:SNAPSHOT_END ticker:INVALID oid:0 side:INVALID price:INVALID qty:INVALID priority:INVALID]]
/home/lasource/Documents/Building_Low_Latency_Applications_with_Cpp/ch06/common/mcast_socket.cpp:32 sendAndRecv() Mon Nov  3 15:35:22 2025 send socket:8 len:0
/home/lasource/Documents/Building_Low_Latency_Applications_with_Cpp/ch06/exchange/market_data/snapshot_synthesizer.cpp:113 publishSnapshot() Mon Nov  3 15:35:22 2025 Published snapshot of 9 orders.
/home/lasource/Documents/Building_Low_Latency_Applications_with_Cpp/ch06/exchange/market_data/snapshot_synthesizer.cpp:84 publishSnapshot() Mon Nov  3 15:36:22 2025 MDPMarketUpdate [ seq:0 MEMarketUpdate [type:SNAPSHOT_START ticker:INVALID oid:0 side:INVALID price:INVALID qty:INVALID priority:INVALID]]
/home/lasource/Documents/Building_Low_Latency_Applications_with_Cpp/ch06/exchange/market_data/snapshot_synthesizer.cpp:95 publishSnapshot() Mon Nov  3 15:36:22 2025 MDPMarketUpdate [ seq:1 MEMarketUpdate [type:CLEAR ticker:0 oid:INVALID side:INVALID price:INVALID qty:INVALID priority:INVALID]]
/home/lasource/Documents/Building_Low_Latency_Applications_with_Cpp/ch06/exchange/market_data/snapshot_synthesizer.cpp:95 publishSnapshot() Mon Nov  3 15:36:22 2025 MDPMarketUpdate [ seq:2 MEMarketUpdate [type:CLEAR ticker:1 oid:INVALID side:INVALID price:INVALID qty:INVALID priority:INVALID]]
/home/lasource/Documents/Building_Low_Latency_Applications_with_Cpp/ch06/exchange/market_data/snapshot_synthesizer.cpp:95 publishSnapshot() Mon Nov  3 15:36:22 2025 MDPMarketUpdate [ seq:3 MEMarketUpdate [type:CLEAR ticker:2 oid:INVALID side:INVALID price:INVALID qty:INVALID priority:INVALID]]
/home/lasource/Documents/Building_Low_Latency_Applications_with_Cpp/ch06/exchange/market_data/snapshot_synthesizer.cpp:95 publishSnapshot() Mon Nov  3 15:36:22 2025 MDPMarketUpdate [ seq:4 MEMarketUpdate [type:CLEAR ticker:3 oid:INVALID side:INVALID price:INVALID qty:INVALID priority:INVALID]]
/home/lasource/Documents/Building_Low_Latency_Applications_with_Cpp/ch06/exchange/market_data/snapshot_synthesizer.cpp:95 publishSnapshot() Mon Nov  3 15:36:22 2025 MDPMarketUpdate [ seq:5 MEMarketUpdate [type:CLEAR ticker:4 oid:INVALID side:INVALID price:INVALID qty:INVALID priority:INVALID]]
/home/lasource/Documents/Building_Low_Latency_Applications_with_Cpp/ch06/exchange/market_data/snapshot_synthesizer.cpp:95 publishSnapshot() Mon Nov  3 15:36:22 2025 MDPMarketUpdate [ seq:6 MEMarketUpdate [type:CLEAR ticker:5 oid:INVALID side:INVALID price:INVALID qty:INVALID priority:INVALID]]
/home/lasource/Documents/Building_Low_Latency_Applications_with_Cpp/ch06/exchange/market_data/snapshot_synthesizer.cpp:95 publishSnapshot() Mon Nov  3 15:36:22 2025 MDPMarketUpdate [ seq:7 MEMarketUpdate [type:CLEAR ticker:6 oid:INVALID side:INVALID price:INVALID qty:INVALID priority:INVALID]]
/home/lasource/Documents/Building_Low_Latency_Applications_with_Cpp/ch06/exchange/market_data/snapshot_synthesizer.cpp:95 publishSnapshot() Mon Nov  3 15:36:22 2025 MDPMarketUpdate [ seq:8 MEMarketUpdate [type:CLEAR ticker:7 oid:INVALID side:INVALID price:INVALID qty:INVALID priority:INVALID]]
/home/lasource/Documents/Building_Low_Latency_Applications_with_Cpp/ch06/exchange/market_data/snapshot_synthesizer.cpp:109 publishSnapshot() Mon Nov  3 15:36:22 2025 MDPMarketUpdate [ seq:9 MEMarketUpdate [type:SNAPSHOT_END ticker:INVALID oid:0 side:INVALID price:INVALID qty:INVALID priority:INVALID]]
/home/lasource/Documents/Building_Low_Latency_Applications_with_Cpp/ch06/common/mcast_socket.cpp:32 sendAndRecv() Mon Nov  3 15:36:22 2025 send socket:8 len:0
/home/lasource/Documents/Building_Low_Latency_Applications_with_Cpp/ch06/exchange/market_data/snapshot_synthesizer.cpp:113 publishSnapshot() Mon Nov  3 15:36:22 2025 Published snapshot of 9 orders.
/home/lasource/Documents/Building_Low_Latency_Applications_with_Cpp/ch06/exchange/market_data/snapshot_synthesizer.cpp:84 publishSnapshot() Mon Nov  3 15:37:22 2025 MDPMarketUpdate [ seq:0 MEMarketUpdate [type:SNAPSHOT_START ticker:INVALID oid:0 side:INVALID price:INVALID qty:INVALID priority:INVALID]]
/home/lasource/Documents/Building_Low_Latency_Applications_with_Cpp/ch06/exchange/market_data/snapshot_synthesizer.cpp:95 publishSnapshot() Mon Nov  3 15:37:22 2025 MDPMarketUpdate [ seq:1 MEMarketUpdate [type:CLEAR ticker:0 oid:INVALID side:INVALID price:INVALID qty:INVALID priority:INVALID]]
/home/lasource/Documents/Building_Low_Latency_Applications_with_Cpp/ch06/exchange/market_data/snapshot_synthesizer.cpp:95 publishSnapshot() Mon Nov  3 15:37:22 2025 MDPMarketUpdate [ seq:2 MEMarketUpdate [type:CLEAR ticker:1 oid:INVALID side:INVALID price:INVALID qty:INVALID priority:INVALID]]
/home/lasource/Documents/Building_Low_Latency_Applications_with_Cpp/ch06/exchange/market_data/snapshot_synthesizer.cpp:95 publishSnapshot() Mon Nov  3 15:37:22 2025 MDPMarketUpdate [ seq:3 MEMarketUpdate [type:CLEAR ticker:2 oid:INVALID side:INVALID price:INVALID qty:INVALID priority:INVALID]]
/home/lasource/Documents/Building_Low_Latency_Applications_with_Cpp/ch06/exchange/market_data/snapshot_synthesizer.cpp:95 publishSnapshot() Mon Nov  3 15:37:22 2025 MDPMarketUpdate [ seq:4 MEMarketUpdate [type:CLEAR ticker:3 oid:INVALID side:INVALID price:INVALID qty:INVALID priority:INVALID]]
/home/lasource/Documents/Building_Low_Latency_Applications_with_Cpp/ch06/exchange/market_data/snapshot_synthesizer.cpp:95 publishSnapshot() Mon Nov  3 15:37:22 2025 MDPMarketUpdate [ seq:5 MEMarketUpdate [type:CLEAR ticker:4 oid:INVALID side:INVALID price:INVALID qty:INVALID priority:INVALID]]
/home/lasource/Documents/Building_Low_Latency_Applications_with_Cpp/ch06/exchange/market_data/snapshot_synthesizer.cpp:95 publishSnapshot() Mon Nov  3 15:37:22 2025 MDPMarketUpdate [ seq:6 MEMarketUpdate [type:CLEAR ticker:5 oid:INVALID side:INVALID price:INVALID qty:INVALID priority:INVALID]]
/home/lasource/Documents/Building_Low_Latency_Applications_with_Cpp/ch06/exchange/market_data/snapshot_synthesizer.cpp:95 publishSnapshot() Mon Nov  3 15:37:22 2025 MDPMarketUpdate [ seq:7 MEMarketUpdate [type:CLEAR ticker:6 oid:INVALID side:INVALID price:INVALID qty:INVALID priority:INVALID]]
/home/lasource/Documents/Building_Low_Latency_Applications_with_Cpp/ch06/exchange/market_data/snapshot_synthesizer.cpp:95 publishSnapshot() Mon Nov  3 15:37:22 2025 MDPMarketUpdate [ seq:8 MEMarketUpdate [type:CLEAR ticker:7 oid:INVALID side:INVALID price:INVALID qty:INVALID priority:INVALID]]
/home/lasource/Documents/Building_Low_Latency_Applications_with_Cpp/ch06/exchange/market_data/snapshot_synthesizer.cpp:109 publishSnapshot() Mon Nov  3 15:37:22 2025 MDPMarketUpdate [ seq:9 MEMarketUpdate [type:SNAPSHOT_END ticker:INVALID oid:0 side:INVALID price:INVALID qty:INVALID priority:INVALID]]
/home/lasource/Documents/Building_Low_Latency_Applications_with_Cpp/ch06/common/mcast_socket.cpp:32 sendAndRecv() Mon Nov  3 15:37:22 2025 send socket:8 len:0
/home/lasource/Documents/Building_Low_Latency_Applications_with_Cpp/ch06/exchange/market_data/snapshot_synthesizer.cpp:113 publishSnapshot() Mon Nov  3 15:37:22 2025 Published snapshot of 9 orders.
